<?xml version="1.0" encoding="UTF-8"?>
<!-- Generated by org.testng.reporters.JUnitReportReporter -->
<testsuite skipped="0" hostname="DESKTOP-G1T8O2E" name="testcases.dupLead_pages3" tests="1" failures="0" timestamp="07 Jul 2018 06:47:42 GMT" time="52.140" errors="0">
  <testcase name="editLead" time="52.140" classname="testcases.dupLead_pages3"/>
</testsuite> <!-- testcases.dupLead_pages3 -->
